The system is: Windows - 10.0.19041 - AMD64
Compiling the C compiler identification source file "CMakeCCompilerId.c" succeeded.
Compiler: C:/Program Files (x86)/Microsoft Visual Studio/2019/Community/VC/Tools/MSVC/14.26.28801/bin/Hostx86/x86/cl.exe 
Build flags: 
Id flags:  

The output was:
0
Compilateur d'optimisation Microsoft (R) C/C++ version 19.26.28806 pour x86
Copyright (C) Microsoft Corporation. Tous droits réservés.

CMakeCCompilerId.c
Microsoft (R) Incremental Linker Version 14.26.28806.0
Copyright (C) Microsoft Corporation.  All rights reserved.

/out:CMakeCCompilerId.exe 
CMakeCCompilerId.obj 


Compilation of the C compiler identification source "CMakeCCompilerId.c" produced "CMakeCCompilerId.exe"

Compilation of the C compiler identification source "CMakeCCompilerId.c" produced "CMakeCCompilerId.obj"

The C compiler identification is MSVC, found in "C:/Dev/BatailleNavale/Code/cmake-build-debug/CMakeFiles/3.17.5/CompilerIdC/CMakeCCompilerId.exe"

Determining if the C compiler works passed with the following output:
Change Dir: C:/Dev/BatailleNavale/Code/cmake-build-debug/CMakeFiles/CMakeTmp

Run Build Command(s):nmake /nologo cmTC_302c5\fast && 	"C:\Program Files (x86)\Microsoft Visual Studio\2019\Community\VC\Tools\MSVC\14.26.28801\bin\HostX86\x86\nmake.exe"  -f CMakeFiles\cmTC_302c5.dir\build.make /nologo -L                  CMakeFiles\cmTC_302c5.dir\build
Building C object CMakeFiles/cmTC_302c5.dir/testCCompiler.c.obj
	C:\PROGRA~2\MICROS~3\2019\COMMUN~1\VC\Tools\MSVC\1426~1.288\bin\Hostx86\x86\cl.exe @C:\Users\pierr\AppData\Local\Temp\nm3E41.tmp
testCCompiler.c
Linking C executable cmTC_302c5.exe
	"C:\Program Files\JetBrains\CLion 2020.3.2\bin\cmake\win\bin\cmake.exe" -E vs_link_exe --intdir=CMakeFiles\cmTC_302c5.dir --rc=C:\PROGRA~2\WI3CF2~1\10\bin\100183~1.0\x86\rc.exe --mt=C:\PROGRA~2\WI3CF2~1\10\bin\100183~1.0\x86\mt.exe --manifests  -- C:\PROGRA~2\MICROS~3\2019\COMMUN~1\VC\Tools\MSVC\1426~1.288\bin\Hostx86\x86\link.exe /nologo @CMakeFiles\cmTC_302c5.dir\objects1.rsp @C:\Users\pierr\AppData\Local\Temp\nm3FC9.tmp



Detecting C compiler ABI info compiled with the following output:
Change Dir: C:/Dev/BatailleNavale/Code/cmake-build-debug/CMakeFiles/CMakeTmp

Run Build Command(s):nmake /nologo cmTC_b7f5c\fast && 	"C:\Program Files (x86)\Microsoft Visual Studio\2019\Community\VC\Tools\MSVC\14.26.28801\bin\HostX86\x86\nmake.exe"  -f CMakeFiles\cmTC_b7f5c.dir\build.make /nologo -L                  CMakeFiles\cmTC_b7f5c.dir\build
Building C object CMakeFiles/cmTC_b7f5c.dir/CMakeCCompilerABI.c.obj
	C:\PROGRA~2\MICROS~3\2019\COMMUN~1\VC\Tools\MSVC\1426~1.288\bin\Hostx86\x86\cl.exe @C:\Users\pierr\AppData\Local\Temp\nm416E.tmp
CMakeCCompilerABI.c
Linking C executable cmTC_b7f5c.exe
	"C:\Program Files\JetBrains\CLion 2020.3.2\bin\cmake\win\bin\cmake.exe" -E vs_link_exe --intdir=CMakeFiles\cmTC_b7f5c.dir --rc=C:\PROGRA~2\WI3CF2~1\10\bin\100183~1.0\x86\rc.exe --mt=C:\PROGRA~2\WI3CF2~1\10\bin\100183~1.0\x86\mt.exe --manifests  -- C:\PROGRA~2\MICROS~3\2019\COMMUN~1\VC\Tools\MSVC\1426~1.288\bin\Hostx86\x86\link.exe /nologo @CMakeFiles\cmTC_b7f5c.dir\objects1.rsp @C:\Users\pierr\AppData\Local\Temp\nm41AD.tmp



